0 info it worked if it ends with ok
1 verbose cli [ 'node', '/usr/local/bin/npm', 'install', 'generator-angular' ]
2 info using npm@1.1.65
3 info using node@v0.8.14
4 verbose read json /Users/seandoyle/Code/package.json
5 verbose read json /Users/seandoyle/Code/node_modules/grunt/package.json
6 verbose read json /Users/seandoyle/Code/package.json
7 verbose cache add [ 'generator-angular', null ]
8 silly cache add name=undefined spec="generator-angular" args=["generator-angular",null]
9 verbose parsed url { pathname: 'generator-angular',
9 verbose parsed url   path: 'generator-angular',
9 verbose parsed url   href: 'generator-angular' }
10 silly lockFile 458e0b50-generator-angular generator-angular
11 verbose lock generator-angular /Users/seandoyle/.npm/458e0b50-generator-angular.lock
12 silly lockFile 458e0b50-generator-angular generator-angular
13 verbose addNamed [ 'generator-angular', '' ]
14 verbose addNamed [ null, '' ]
15 silly lockFile 0345f598-generator-angular generator-angular@
16 verbose lock generator-angular@ /Users/seandoyle/.npm/0345f598-generator-angular.lock
17 silly addNameRange { name: 'generator-angular', range: '', hasData: false }
18 verbose url raw generator-angular
19 verbose url resolving [ 'https://registry.npmjs.org/', './generator-angular' ]
20 verbose url resolved https://registry.npmjs.org/generator-angular
21 info trying registry request attempt 1 at 12:14:03
22 http GET https://registry.npmjs.org/generator-angular
23 http 404 https://registry.npmjs.org/generator-angular
24 silly registry.get cb [ 404,
24 silly registry.get   { server: 'CouchDB/1.2.1 (Erlang OTP/R15B)',
24 silly registry.get     date: 'Fri, 15 Feb 2013 17:12:06 GMT',
24 silly registry.get     'content-type': 'application/json',
24 silly registry.get     'content-length': '52',
24 silly registry.get     'cache-control': 'must-revalidate' } ]
25 silly lockFile 0345f598-generator-angular generator-angular@
26 error 404 'generator-angular' is not in the npm registry.
26 error 404 You should bug the author to publish it
26 error 404
26 error 404 Note that you can also install from a
26 error 404 tarball, folder, or http url, or git url.
27 error System Darwin 12.2.0
28 error command "node" "/usr/local/bin/npm" "install" "generator-angular"
29 error cwd /Users/seandoyle/Code/caste
30 error node -v v0.8.14
31 error npm -v 1.1.65
32 error code E404
33 verbose exit [ 1, true ]
